add_team: SUCCESS
add_team: SUCCESS
add_team: SUCCESS
add_team: SUCCESS
add_team: SUCCESS
add_team: SUCCESS
add_team: SUCCESS
add_team: SUCCESS
add_team: SUCCESS
add_team: SUCCESS
add_team: SUCCESS
add_team: SUCCESS
add_team: SUCCESS
add_team: SUCCESS
add_team: SUCCESS
add_team: SUCCESS
add_team: SUCCESS
add_team: SUCCESS
add_team: SUCCESS
add_team: SUCCESS
add_team: SUCCESS
add_team: SUCCESS
add_team: SUCCESS
add_team: SUCCESS
add_team: SUCCESS
add_team: SUCCESS
add_team: SUCCESS
add_team: SUCCESS
add_team: SUCCESS
add_team: SUCCESS
add_team: SUCCESS
add_team: SUCCESS
add_team: SUCCESS
add_team: SUCCESS
add_team: SUCCESS
add_team: SUCCESS
add_team: SUCCESS
add_team: SUCCESS
add_team: SUCCESS
add_team: SUCCESS
add_team: SUCCESS
add_team: SUCCESS
add_team: SUCCESS
add_team: SUCCESS
add_team: SUCCESS
add_team: SUCCESS
add_team: SUCCESS
add_team: SUCCESS
add_team: SUCCESS
add_team: SUCCESS
add_team: SUCCESS
add_team: SUCCESS
add_team: SUCCESS
add_team: SUCCESS
add_team: SUCCESS
add_team: SUCCESS
add_team: SUCCESS
add_team: SUCCESS
add_team: SUCCESS
add_team: SUCCESS
add_team: SUCCESS
add_team: SUCCESS
add_team: SUCCESS
add_team: SUCCESS
add_team: SUCCESS
add_team: SUCCESS
add_team: SUCCESS
add_team: SUCCESS
add_team: SUCCESS
add_team: SUCCESS
add_team: SUCCESS
add_team: SUCCESS
add_team: SUCCESS
add_team: SUCCESS
add_team: SUCCESS
add_team: SUCCESS
add_team: SUCCESS
add_team: SUCCESS
add_team: SUCCESS
add_team: SUCCESS
add_team: SUCCESS
add_team: SUCCESS
add_team: SUCCESS
add_team: SUCCESS
add_team: SUCCESS
add_team: SUCCESS
add_team: SUCCESS
add_team: SUCCESS
add_team: SUCCESS
add_team: SUCCESS
add_team: SUCCESS
add_team: SUCCESS
add_team: SUCCESS
add_team: SUCCESS
add_team: SUCCESS
add_team: SUCCESS
add_team: SUCCESS
add_team: SUCCESS
add_team: SUCCESS
add_team: SUCCESS
add_player: SUCCESS
add_player: SUCCESS
add_player: SUCCESS
add_player: SUCCESS
add_player: SUCCESS
add_player: SUCCESS
add_player: SUCCESS
add_player: SUCCESS
add_player: SUCCESS
add_player: SUCCESS
add_player: SUCCESS
add_player: SUCCESS
add_player: SUCCESS
add_player: SUCCESS
add_player: SUCCESS
add_player: SUCCESS
add_player: SUCCESS
add_player: SUCCESS
add_player: SUCCESS
add_player: SUCCESS
add_player: SUCCESS
add_player: SUCCESS
add_player: SUCCESS
add_player: SUCCESS
add_player: SUCCESS
add_player: SUCCESS
add_player: SUCCESS
add_player: SUCCESS
add_player: SUCCESS
add_player: SUCCESS
add_player: SUCCESS
add_player: SUCCESS
add_player: SUCCESS
add_player: SUCCESS
add_player: SUCCESS
add_player: SUCCESS
add_player: SUCCESS
add_player: SUCCESS
add_player: SUCCESS
add_player: SUCCESS
add_player: SUCCESS
add_player: SUCCESS
add_player: SUCCESS
add_player: SUCCESS
add_player: SUCCESS
add_player: SUCCESS
add_player: SUCCESS
add_player: SUCCESS
add_player: SUCCESS
add_player: SUCCESS
add_player: SUCCESS
add_player: SUCCESS
add_player: SUCCESS
add_player: SUCCESS
add_player: SUCCESS
add_player: SUCCESS
add_player: SUCCESS
add_player: SUCCESS
add_player: SUCCESS
add_player: SUCCESS
add_player: SUCCESS
add_player: SUCCESS
add_player: SUCCESS
add_player: SUCCESS
add_player: SUCCESS
add_player: SUCCESS
add_player: SUCCESS
add_player: SUCCESS
add_player: SUCCESS
add_player: SUCCESS
add_player: SUCCESS
add_player: SUCCESS
add_player: SUCCESS
add_player: SUCCESS
add_player: SUCCESS
add_player: SUCCESS
add_player: SUCCESS
add_player: SUCCESS
add_player: SUCCESS
add_player: SUCCESS
add_player: SUCCESS
add_player: SUCCESS
add_player: SUCCESS
add_player: SUCCESS
add_player: SUCCESS
add_player: SUCCESS
add_player: SUCCESS
add_player: SUCCESS
add_player: SUCCESS
add_player: SUCCESS
add_player: SUCCESS
add_player: SUCCESS
add_player: SUCCESS
add_player: SUCCESS
add_player: SUCCESS
add_player: SUCCESS
add_player: SUCCESS
add_player: SUCCESS
add_player: SUCCESS
add_player: SUCCESS
get_partial_spirit: SUCCESS, 3,5,4,1,2
get_team_points: SUCCESS, 0
add_player: SUCCESS
get_ith_pointless_ability: SUCCESS, 13
buy_team: SUCCESS
num_played_games_for_player: SUCCESS, 108
buy_team: SUCCESS
add_player: SUCCESS
add_player: SUCCESS
add_player: SUCCESS
buy_team: SUCCESS
add_team: SUCCESS
num_played_games_for_player: SUCCESS, 166
add_player_cards: SUCCESS
play_match: FAILURE
num_played_games_for_player: SUCCESS, 300
num_played_games_for_player: SUCCESS, 276
buy_team: SUCCESS
add_player_cards: SUCCESS
get_team_points: FAILURE
get_player_cards: SUCCESS, 103
add_player: SUCCESS
remove_team: SUCCESS
get_player_cards: SUCCESS, 282
get_ith_pointless_ability: SUCCESS, 31
add_player: SUCCESS
num_played_games_for_player: SUCCESS, 214
num_played_games_for_player: SUCCESS, 216
num_played_games_for_player: SUCCESS, 256
add_player_cards: SUCCESS
add_team: SUCCESS
get_ith_pointless_ability: SUCCESS, 67
num_played_games_for_player: SUCCESS, 26
get_team_points: SUCCESS, 0
remove_team: SUCCESS
get_team_points: SUCCESS, 0
add_player: SUCCESS
get_partial_spirit: SUCCESS, 5,3,1,4,2
add_player: SUCCESS
play_match: FAILURE
remove_team: SUCCESS
add_player_cards: SUCCESS
get_ith_pointless_ability: SUCCESS, 63
add_player: SUCCESS
add_player: SUCCESS
get_team_points: SUCCESS, 0
play_match: FAILURE
get_player_cards: SUCCESS, 10
remove_team: SUCCESS
buy_team: SUCCESS
add_team: SUCCESS
buy_team: SUCCESS
num_played_games_for_player: SUCCESS, 55
num_played_games_for_player: SUCCESS, 213
play_match: FAILURE
get_player_cards: SUCCESS, 88
buy_team: FAILURE
get_player_cards: SUCCESS, 63
add_player_cards: SUCCESS
add_team: SUCCESS
add_player: SUCCESS
add_player: SUCCESS
get_player_cards: SUCCESS, 110
num_played_games_for_player: SUCCESS, 272
remove_team: SUCCESS
play_match: FAILURE
remove_team: SUCCESS
get_team_points: SUCCESS, 0
remove_team: SUCCESS
get_ith_pointless_ability: FAILURE
get_ith_pointless_ability: SUCCESS, 103
add_player: SUCCESS
get_ith_pointless_ability: SUCCESS, 102
add_player: SUCCESS
play_match: FAILURE
add_team: SUCCESS
add_player: SUCCESS
remove_team: SUCCESS
add_player: SUCCESS
num_played_games_for_player: SUCCESS, 196
get_ith_pointless_ability: SUCCESS, 69
get_partial_spirit: SUCCESS, 4,1,3,5,2
get_team_points: SUCCESS, 0
add_player: SUCCESS
add_team: SUCCESS
add_player: SUCCESS
add_player: SUCCESS
buy_team: SUCCESS
add_player: SUCCESS
get_player_cards: SUCCESS, 56
add_player: SUCCESS
get_team_points: SUCCESS, 0
add_player_cards: SUCCESS
add_player: SUCCESS
add_player: SUCCESS
buy_team: FAILURE
play_match: FAILURE
add_player: FAILURE
remove_team: SUCCESS
get_ith_pointless_ability: SUCCESS, 59
remove_team: SUCCESS
add_team: SUCCESS
get_team_points: FAILURE
num_played_games_for_player: SUCCESS, 76
play_match: FAILURE
add_team: SUCCESS
add_player_cards: SUCCESS
play_match: FAILURE
get_ith_pointless_ability: SUCCESS, 20
get_partial_spirit: SUCCESS, 3,4,5,2,1
buy_team: FAILURE
play_match: FAILURE
get_partial_spirit: SUCCESS, 1,5,4,2,3
get_partial_spirit: SUCCESS, 3,2,4,5,1
add_player: SUCCESS
play_match: FAILURE
num_played_games_for_player: SUCCESS, 63
get_team_points: SUCCESS, 0
add_player: SUCCESS
play_match: FAILURE
add_player: SUCCESS
add_player_cards: SUCCESS
remove_team: SUCCESS
add_player: SUCCESS
add_player: SUCCESS
add_player_cards: SUCCESS
add_player: SUCCESS
play_match: FAILURE
num_played_games_for_player: SUCCESS, 149
add_player: SUCCESS
add_team: SUCCESS
num_played_games_for_player: SUCCESS, 196
add_player_cards: SUCCESS
get_team_points: SUCCESS, 0
get_ith_pointless_ability: SUCCESS, 99
get_partial_spirit: SUCCESS, 1,5,2,3,4
get_player_cards: SUCCESS, 103
buy_team: SUCCESS
buy_team: SUCCESS
add_player: SUCCESS
buy_team: INVALID_INPUT
add_player: SUCCESS
get_player_cards: SUCCESS, 38
play_match: FAILURE
get_partial_spirit: SUCCESS, 1,4,2,5,3
remove_team: SUCCESS
get_partial_spirit: SUCCESS, 4,3,5,1,2
play_match: FAILURE
get_ith_pointless_ability: FAILURE
get_ith_pointless_ability: SUCCESS, 103
buy_team: SUCCESS
add_player: SUCCESS
get_partial_spirit: SUCCESS, 3,1,5,2,4
add_player: SUCCESS
play_match: FAILURE
remove_team: SUCCESS
get_partial_spirit: SUCCESS, 3,2,1,4,5
get_player_cards: SUCCESS, 57
add_player: SUCCESS
get_ith_pointless_ability: SUCCESS, 95
add_player_cards: SUCCESS
add_team: SUCCESS
get_ith_pointless_ability: SUCCESS, 20
get_player_cards: SUCCESS, 74
get_player_cards: SUCCESS, 521
add_team: SUCCESS
num_played_games_for_player: SUCCESS, 171
add_player_cards: SUCCESS
buy_team: SUCCESS
get_player_cards: SUCCESS, 88
add_player: SUCCESS
add_team: SUCCESS
add_player: SUCCESS
add_player: SUCCESS
buy_team: SUCCESS
get_team_points: SUCCESS, 0
play_match: SUCCESS, 3
add_player_cards: SUCCESS
buy_team: SUCCESS
get_ith_pointless_ability: SUCCESS, 36
get_player_cards: SUCCESS, 220
add_team: SUCCESS
add_player_cards: SUCCESS
add_team: SUCCESS
remove_team: SUCCESS
buy_team: SUCCESS
add_player: SUCCESS
get_partial_spirit: SUCCESS, 1,4,2,3,5
num_played_games_for_player: SUCCESS, 180
num_played_games_for_player: SUCCESS, 171
get_ith_pointless_ability: SUCCESS, 58
add_team: SUCCESS
get_partial_spirit: SUCCESS, 5,4,3,1,2
add_team: SUCCESS
play_match: FAILURE
get_team_points: SUCCESS, 0
add_team: SUCCESS
get_partial_spirit: SUCCESS, 1,5,2,3,4
get_team_points: SUCCESS, 0
get_partial_spirit: SUCCESS, 5,3,2,4,1
buy_team: SUCCESS
get_partial_spirit: SUCCESS, 3,2,1,4,5
add_player_cards: SUCCESS
get_partial_spirit: SUCCESS, 4,1,3,5,2
play_match: FAILURE
get_team_points: SUCCESS, 0
buy_team: SUCCESS
play_match: FAILURE
get_player_cards: SUCCESS, 103
get_ith_pointless_ability: SUCCESS, 57
get_ith_pointless_ability: FAILURE
add_team: SUCCESS
add_team: SUCCESS
get_team_points: SUCCESS, 0
add_team: SUCCESS
add_player: SUCCESS
add_player: SUCCESS
play_match: FAILURE
buy_team: SUCCESS
get_ith_pointless_ability: SUCCESS, 24
get_team_points: SUCCESS, 0
get_partial_spirit: SUCCESS, 3,1,5,4,2
get_player_cards: SUCCESS, 15
remove_team: SUCCESS
buy_team: FAILURE
buy_team: FAILURE
get_ith_pointless_ability: SUCCESS, 63
get_team_points: SUCCESS, 0
get_ith_pointless_ability: SUCCESS, 61
get_player_cards: SUCCESS, 221
add_player: FAILURE
add_team: SUCCESS
num_played_games_for_player: SUCCESS, 281
add_player: FAILURE
add_player: SUCCESS
get_player_cards: SUCCESS, 88
num_played_games_for_player: SUCCESS, 47
add_team: SUCCESS
remove_team: SUCCESS
add_player: FAILURE
add_player: SUCCESS
play_match: FAILURE
add_player: SUCCESS
add_player: SUCCESS
buy_team: FAILURE
add_player: SUCCESS
remove_team: SUCCESS
get_ith_pointless_ability: SUCCESS, 50
add_player: SUCCESS
num_played_games_for_player: SUCCESS, 100
get_team_points: SUCCESS, 0
add_team: SUCCESS
add_player: SUCCESS
get_team_points: SUCCESS, 0
get_player_cards: SUCCESS, 281
add_player: FAILURE
remove_team: SUCCESS
num_played_games_for_player: SUCCESS, 206
get_ith_pointless_ability: SUCCESS, 60
buy_team: FAILURE
add_player: SUCCESS
add_player: FAILURE
play_match: FAILURE
add_player: SUCCESS
add_player: SUCCESS
get_team_points: SUCCESS, 0
buy_team: SUCCESS
add_player: SUCCESS
num_played_games_for_player: SUCCESS, 121
remove_team: SUCCESS
get_player_cards: SUCCESS, 252
play_match: SUCCESS, 3
get_team_points: FAILURE
add_team: SUCCESS
add_player: SUCCESS
get_partial_spirit: SUCCESS, 1,2,3,5,4
get_player_cards: SUCCESS, 208
num_played_games_for_player: SUCCESS, 250
add_player: FAILURE
num_played_games_for_player: SUCCESS, 159
buy_team: SUCCESS
get_team_points: SUCCESS, 0
add_player_cards: SUCCESS
add_team: SUCCESS
add_player: SUCCESS
buy_team: SUCCESS
get_ith_pointless_ability: SUCCESS, 65
add_player: SUCCESS
add_player: SUCCESS
add_player: SUCCESS
add_player: SUCCESS
get_partial_spirit: SUCCESS, 1,2,4,5,3
get_team_points: SUCCESS, 0
add_team: SUCCESS
add_player: FAILURE
add_team: SUCCESS
get_partial_spirit: SUCCESS, 2,3,5,1,4
get_team_points: FAILURE
get_partial_spirit: SUCCESS, 5,2,1,3,4
get_player_cards: SUCCESS, 299
remove_team: SUCCESS
get_partial_spirit: SUCCESS, 5,2,1,3,4
get_player_cards: SUCCESS, 278
add_player: SUCCESS
add_player_cards: SUCCESS
add_player: SUCCESS
buy_team: FAILURE
add_player_cards: SUCCESS
add_player_cards: SUCCESS
add_team: SUCCESS
play_match: FAILURE
add_player: FAILURE
buy_team: INVALID_INPUT
remove_team: SUCCESS
get_player_cards: SUCCESS, 214
get_partial_spirit: SUCCESS, 3,1,2,4,5
buy_team: SUCCESS
get_ith_pointless_ability: SUCCESS, 28
buy_team: SUCCESS
add_player: FAILURE
get_ith_pointless_ability: SUCCESS, 7
add_player_cards: SUCCESS
get_ith_pointless_ability: SUCCESS, 76
add_player: FAILURE
get_partial_spirit: SUCCESS, 3,4,1,5,2
add_player: SUCCESS
get_ith_pointless_ability: FAILURE
add_player: SUCCESS
add_player: SUCCESS
add_player_cards: SUCCESS
add_player_cards: SUCCESS
get_partial_spirit: SUCCESS, 3,1,4,2,5
play_match: FAILURE
add_player: FAILURE
buy_team: SUCCESS
add_player: SUCCESS
add_player: SUCCESS
play_match: FAILURE
buy_team: SUCCESS
get_partial_spirit: SUCCESS, 3,5,1,4,2
add_player_cards: SUCCESS
add_player: SUCCESS
add_player: SUCCESS
remove_team: SUCCESS
remove_team: SUCCESS
get_team_points: FAILURE
add_player: SUCCESS
get_ith_pointless_ability: SUCCESS, 87
add_team: SUCCESS
add_player: SUCCESS
get_partial_spirit: SUCCESS, 2,3,4,5,1
add_player: FAILURE
add_player: SUCCESS
get_player_cards: SUCCESS, 113
add_player: SUCCESS
add_player: SUCCESS
add_player: SUCCESS
num_played_games_for_player: SUCCESS, 271
remove_team: SUCCESS
num_played_games_for_player: SUCCESS, 250
add_player: SUCCESS
add_player: SUCCESS
add_team: SUCCESS
add_player: FAILURE
add_team: SUCCESS
buy_team: SUCCESS
get_team_points: SUCCESS, 0
add_player_cards: SUCCESS
remove_team: SUCCESS
get_partial_spirit: SUCCESS, 2,4,3,5,1
add_player: SUCCESS
num_played_games_for_player: SUCCESS, 250
get_ith_pointless_ability: SUCCESS, 2
add_team: SUCCESS
get_player_cards: SUCCESS, 219
buy_team: SUCCESS
num_played_games_for_player: SUCCESS, 16
add_player_cards: SUCCESS
get_team_points: SUCCESS, 0
get_partial_spirit: SUCCESS, 1,4,5,3,2
add_player: SUCCESS
get_partial_spirit: SUCCESS, 1,2,3,5,4
get_ith_pointless_ability: SUCCESS, 120
get_player_cards: SUCCESS, 108
get_player_cards: SUCCESS, 154
num_played_games_for_player: SUCCESS, 50
add_player: SUCCESS
add_player_cards: SUCCESS
add_player: SUCCESS
play_match: FAILURE
add_player: SUCCESS
get_player_cards: SUCCESS, 278
get_player_cards: SUCCESS, 250
add_player: FAILURE
get_ith_pointless_ability: FAILURE
add_player: SUCCESS
buy_team: FAILURE
add_player_cards: SUCCESS
num_played_games_for_player: SUCCESS, 113
get_player_cards: SUCCESS, 270
play_match: FAILURE
get_partial_spirit: SUCCESS, 1,3,4,5,2
add_player: SUCCESS
get_team_points: SUCCESS, 0
get_partial_spirit: FAILURE
num_played_games_for_player: SUCCESS, 203
add_player_cards: SUCCESS
play_match: FAILURE
add_team: SUCCESS
add_team: SUCCESS
play_match: FAILURE
add_player: SUCCESS
buy_team: SUCCESS
add_player_cards: SUCCESS
add_player: SUCCESS
play_match: SUCCESS, 3
remove_team: SUCCESS
play_match: FAILURE
add_player: FAILURE
add_team: SUCCESS
get_ith_pointless_ability: FAILURE
get_player_cards: SUCCESS, 244
num_played_games_for_player: SUCCESS, 42
add_player: FAILURE
add_player: SUCCESS
add_player: FAILURE
add_player: FAILURE
num_played_games_for_player: SUCCESS, 211
add_team: SUCCESS
get_player_cards: SUCCESS, 179
add_player: FAILURE
remove_team: SUCCESS
add_player: SUCCESS
get_team_points: SUCCESS, 0
get_partial_spirit: SUCCESS, 3,2,1,4,5
get_team_points: SUCCESS, 0
num_played_games_for_player: SUCCESS, 108
add_player: SUCCESS
get_team_points: SUCCESS, 0
add_player: SUCCESS
add_player: SUCCESS
get_player_cards: SUCCESS, 114
get_ith_pointless_ability: SUCCESS, 41
add_team: SUCCESS
play_match: SUCCESS, 1
buy_team: FAILURE
get_partial_spirit: SUCCESS, 3,1,5,4,2
add_player: SUCCESS
add_player: SUCCESS
buy_team: SUCCESS
remove_team: SUCCESS
get_player_cards: SUCCESS, 242
add_player: SUCCESS
get_team_points: SUCCESS, 0
add_player_cards: SUCCESS
remove_team: SUCCESS
add_player: SUCCESS
get_ith_pointless_ability: SUCCESS, 66
add_player: FAILURE
add_player: SUCCESS
num_played_games_for_player: SUCCESS, 100
